[0.295s] Invoking command in '/home/elpco/code/lerobot/lerobot_rdt/ros_wk/fishbot_description': CONDA_PROMPT_MODIFIER=(base) PYTHONPATH=/home/elpco/code/lerobot/lerobot_rdt/ros_wk/build/fishbot_description/prefix_override:/usr/lib/python3/dist-packages/colcon_core/task/python/colcon_distutils_commands:/home/elpco/code/lerobot/lerobot_rdt/ros_wk/install/fishbot_description/lib/python3.10/site-packages:${PYTHONPATH} /usr/bin/python3 -W ignore:setup.py install is deprecated -W ignore:easy_install command is deprecated setup.py egg_info --egg-base ../build/fishbot_description build --build-base /home/elpco/code/lerobot/lerobot_rdt/ros_wk/build/fishbot_description/build install --record /home/elpco/code/lerobot/lerobot_rdt/ros_wk/build/fishbot_description/install.log --single-version-externally-managed install_data
[0.410s] running egg_info
[0.410s] writing ../build/fishbot_description/fishbot_description.egg-info/PKG-INFO
[0.410s] writing dependency_links to ../build/fishbot_description/fishbot_description.egg-info/dependency_links.txt
[0.410s] writing entry points to ../build/fishbot_description/fishbot_description.egg-info/entry_points.txt
[0.410s] writing requirements to ../build/fishbot_description/fishbot_description.egg-info/requires.txt
[0.410s] writing top-level names to ../build/fishbot_description/fishbot_description.egg-info/top_level.txt
[0.411s] reading manifest file '../build/fishbot_description/fishbot_description.egg-info/SOURCES.txt'
[0.412s] writing manifest file '../build/fishbot_description/fishbot_description.egg-info/SOURCES.txt'
[0.412s] running build
[0.412s] running build_py
[0.412s] running install
[0.412s] running install_lib
[0.412s] running install_data
[0.413s] copying urdf/fishbot_base.urdf -> /home/elpco/code/lerobot/lerobot_rdt/ros_wk/install/fishbot_description/share/fishbot_description/urdf
[0.413s] running install_egg_info
[0.414s] removing '/home/elpco/code/lerobot/lerobot_rdt/ros_wk/install/fishbot_description/lib/python3.10/site-packages/fishbot_description-0.0.0-py3.10.egg-info' (and everything under it)
[0.414s] Copying ../build/fishbot_description/fishbot_description.egg-info to /home/elpco/code/lerobot/lerobot_rdt/ros_wk/install/fishbot_description/lib/python3.10/site-packages/fishbot_description-0.0.0-py3.10.egg-info
[0.414s] running install_scripts
[0.426s] writing list of installed files to '/home/elpco/code/lerobot/lerobot_rdt/ros_wk/build/fishbot_description/install.log'
[0.439s] Invoked command in '/home/elpco/code/lerobot/lerobot_rdt/ros_wk/fishbot_description' returned '0': CONDA_PROMPT_MODIFIER=(base) PYTHONPATH=/home/elpco/code/lerobot/lerobot_rdt/ros_wk/build/fishbot_description/prefix_override:/usr/lib/python3/dist-packages/colcon_core/task/python/colcon_distutils_commands:/home/elpco/code/lerobot/lerobot_rdt/ros_wk/install/fishbot_description/lib/python3.10/site-packages:${PYTHONPATH} /usr/bin/python3 -W ignore:setup.py install is deprecated -W ignore:easy_install command is deprecated setup.py egg_info --egg-base ../build/fishbot_description build --build-base /home/elpco/code/lerobot/lerobot_rdt/ros_wk/build/fishbot_description/build install --record /home/elpco/code/lerobot/lerobot_rdt/ros_wk/build/fishbot_description/install.log --single-version-externally-managed install_data
