[0.289s] Invoking command in '/home/elpco/code/lerobot/lerobot_rdt/ros_wk/fishbot_description': CONDA_PROMPT_MODIFIER=(base) PYTHONPATH=/home/elpco/code/lerobot/lerobot_rdt/ros_wk/build/fishbot_description/prefix_override:/usr/lib/python3/dist-packages/colcon_core/task/python/colcon_distutils_commands:/home/elpco/code/lerobot/lerobot_rdt/ros_wk/install/fishbot_description/lib/python3.10/site-packages:${PYTHONPATH} /usr/bin/python3 -W ignore:setup.py install is deprecated -W ignore:easy_install command is deprecated setup.py egg_info --egg-base ../build/fishbot_description build --build-base /home/elpco/code/lerobot/lerobot_rdt/ros_wk/build/fishbot_description/build install --record /home/elpco/code/lerobot/lerobot_rdt/ros_wk/build/fishbot_description/install.log --single-version-externally-managed install_data
[0.405s] running egg_info
[0.405s] writing ../build/fishbot_description/fishbot_description.egg-info/PKG-INFO
[0.406s] writing dependency_links to ../build/fishbot_description/fishbot_description.egg-info/dependency_links.txt
[0.406s] writing entry points to ../build/fishbot_description/fishbot_description.egg-info/entry_points.txt
[0.406s] writing requirements to ../build/fishbot_description/fishbot_description.egg-info/requires.txt
[0.406s] writing top-level names to ../build/fishbot_description/fishbot_description.egg-info/top_level.txt
[0.407s] reading manifest file '../build/fishbot_description/fishbot_description.egg-info/SOURCES.txt'
[0.408s] writing manifest file '../build/fishbot_description/fishbot_description.egg-info/SOURCES.txt'
[0.408s] running build
[0.408s] running build_py
[0.408s] running install
[0.408s] running install_lib
[0.409s] running install_data
[0.409s] copying launch/so101_ik_solver.launch.py -> /home/elpco/code/lerobot/lerobot_rdt/ros_wk/install/fishbot_description/share/fishbot_description/launch
[0.409s] running install_egg_info
[0.410s] removing '/home/elpco/code/lerobot/lerobot_rdt/ros_wk/install/fishbot_description/lib/python3.10/site-packages/fishbot_description-0.0.0-py3.10.egg-info' (and everything under it)
[0.411s] Copying ../build/fishbot_description/fishbot_description.egg-info to /home/elpco/code/lerobot/lerobot_rdt/ros_wk/install/fishbot_description/lib/python3.10/site-packages/fishbot_description-0.0.0-py3.10.egg-info
[0.411s] running install_scripts
[0.422s] Installing ik_solver_node script to /home/elpco/code/lerobot/lerobot_rdt/ros_wk/install/fishbot_description/lib/fishbot_description
[0.422s] Installing target_pose_publisher script to /home/elpco/code/lerobot/lerobot_rdt/ros_wk/install/fishbot_description/lib/fishbot_description
[0.422s] writing list of installed files to '/home/elpco/code/lerobot/lerobot_rdt/ros_wk/build/fishbot_description/install.log'
[0.435s] Invoked command in '/home/elpco/code/lerobot/lerobot_rdt/ros_wk/fishbot_description' returned '0': CONDA_PROMPT_MODIFIER=(base) PYTHONPATH=/home/elpco/code/lerobot/lerobot_rdt/ros_wk/build/fishbot_description/prefix_override:/usr/lib/python3/dist-packages/colcon_core/task/python/colcon_distutils_commands:/home/elpco/code/lerobot/lerobot_rdt/ros_wk/install/fishbot_description/lib/python3.10/site-packages:${PYTHONPATH} /usr/bin/python3 -W ignore:setup.py install is deprecated -W ignore:easy_install command is deprecated setup.py egg_info --egg-base ../build/fishbot_description build --build-base /home/elpco/code/lerobot/lerobot_rdt/ros_wk/build/fishbot_description/build install --record /home/elpco/code/lerobot/lerobot_rdt/ros_wk/build/fishbot_description/install.log --single-version-externally-managed install_data
