running egg_info
writing ../build/fishbot_description/fishbot_description.egg-info/PKG-INFO
writing dependency_links to ../build/fishbot_description/fishbot_description.egg-info/dependency_links.txt
writing entry points to ../build/fishbot_description/fishbot_description.egg-info/entry_points.txt
writing requirements to ../build/fishbot_description/fishbot_description.egg-info/requires.txt
writing top-level names to ../build/fishbot_description/fishbot_description.egg-info/top_level.txt
reading manifest file '../build/fishbot_description/fishbot_description.egg-info/SOURCES.txt'
writing manifest file '../build/fishbot_description/fishbot_description.egg-info/SOURCES.txt'
running build
running build_py
running install
running install_lib
running install_data
copying urdf/fishbot_base.urdf -> /home/elpco/code/lerobot/lerobot_rdt/ros_wk/install/fishbot_description/share/fishbot_description/urdf
creating /home/elpco/code/lerobot/lerobot_rdt/ros_wk/install/fishbot_description/share/fishbot_description/meshes
copying meshes/under_arm_so101_v1.part -> /home/elpco/code/lerobot/lerobot_rdt/ros_wk/install/fishbot_description/share/fishbot_description/meshes
copying meshes/sts3215_03a_no_horn_v1.part -> /home/elpco/code/lerobot/lerobot_rdt/ros_wk/install/fishbot_description/share/fishbot_description/meshes
copying meshes/sts3215_03a_no_horn_v1.stl -> /home/elpco/code/lerobot/lerobot_rdt/ros_wk/install/fishbot_description/share/fishbot_description/meshes
copying meshes/moving_jaw_so101_v1.stl -> /home/elpco/code/lerobot/lerobot_rdt/ros_wk/install/fishbot_description/share/fishbot_description/meshes
copying meshes/waveshare_mounting_plate_so101_v2.stl -> /home/elpco/code/lerobot/lerobot_rdt/ros_wk/install/fishbot_description/share/fishbot_description/meshes
copying meshes/base_so101_v2.stl -> /home/elpco/code/lerobot/lerobot_rdt/ros_wk/install/fishbot_description/share/fishbot_description/meshes
copying meshes/base_motor_holder_so101_v1.part -> /home/elpco/code/lerobot/lerobot_rdt/ros_wk/install/fishbot_description/share/fishbot_description/meshes
copying meshes/moving_jaw_so101_v1.part -> /home/elpco/code/lerobot/lerobot_rdt/ros_wk/install/fishbot_description/share/fishbot_description/meshes
copying meshes/base_so101_v2.part -> /home/elpco/code/lerobot/lerobot_rdt/ros_wk/install/fishbot_description/share/fishbot_description/meshes
copying meshes/waveshare_mounting_plate_so101_v2.part -> /home/elpco/code/lerobot/lerobot_rdt/ros_wk/install/fishbot_description/share/fishbot_description/meshes
copying meshes/sts3215_03a_v1.stl -> /home/elpco/code/lerobot/lerobot_rdt/ros_wk/install/fishbot_description/share/fishbot_description/meshes
copying meshes/sts3215_03a_v1.part -> /home/elpco/code/lerobot/lerobot_rdt/ros_wk/install/fishbot_description/share/fishbot_description/meshes
copying meshes/upper_arm_so101_v1.stl -> /home/elpco/code/lerobot/lerobot_rdt/ros_wk/install/fishbot_description/share/fishbot_description/meshes
copying meshes/wrist_roll_follower_so101_v1.part -> /home/elpco/code/lerobot/lerobot_rdt/ros_wk/install/fishbot_description/share/fishbot_description/meshes
copying meshes/motor_holder_so101_base_v1.part -> /home/elpco/code/lerobot/lerobot_rdt/ros_wk/install/fishbot_description/share/fishbot_description/meshes
copying meshes/base_motor_holder_so101_v1.stl -> /home/elpco/code/lerobot/lerobot_rdt/ros_wk/install/fishbot_description/share/fishbot_description/meshes
copying meshes/motor_holder_so101_wrist_v1.part -> /home/elpco/code/lerobot/lerobot_rdt/ros_wk/install/fishbot_description/share/fishbot_description/meshes
copying meshes/wrist_roll_pitch_so101_v2.stl -> /home/elpco/code/lerobot/lerobot_rdt/ros_wk/install/fishbot_description/share/fishbot_description/meshes
copying meshes/rotation_pitch_so101_v1.part -> /home/elpco/code/lerobot/lerobot_rdt/ros_wk/install/fishbot_description/share/fishbot_description/meshes
copying meshes/wrist_roll_follower_so101_v1.stl -> /home/elpco/code/lerobot/lerobot_rdt/ros_wk/install/fishbot_description/share/fishbot_description/meshes
copying meshes/wrist_roll_pitch_so101_v2.part -> /home/elpco/code/lerobot/lerobot_rdt/ros_wk/install/fishbot_description/share/fishbot_description/meshes
copying meshes/motor_holder_so101_wrist_v1.stl -> /home/elpco/code/lerobot/lerobot_rdt/ros_wk/install/fishbot_description/share/fishbot_description/meshes
copying meshes/under_arm_so101_v1.stl -> /home/elpco/code/lerobot/lerobot_rdt/ros_wk/install/fishbot_description/share/fishbot_description/meshes
copying meshes/rotation_pitch_so101_v1.stl -> /home/elpco/code/lerobot/lerobot_rdt/ros_wk/install/fishbot_description/share/fishbot_description/meshes
copying meshes/motor_holder_so101_base_v1.stl -> /home/elpco/code/lerobot/lerobot_rdt/ros_wk/install/fishbot_description/share/fishbot_description/meshes
copying meshes/upper_arm_so101_v1.part -> /home/elpco/code/lerobot/lerobot_rdt/ros_wk/install/fishbot_description/share/fishbot_description/meshes
running install_egg_info
removing '/home/elpco/code/lerobot/lerobot_rdt/ros_wk/install/fishbot_description/lib/python3.10/site-packages/fishbot_description-0.0.0-py3.10.egg-info' (and everything under it)
Copying ../build/fishbot_description/fishbot_description.egg-info to /home/elpco/code/lerobot/lerobot_rdt/ros_wk/install/fishbot_description/lib/python3.10/site-packages/fishbot_description-0.0.0-py3.10.egg-info
running install_scripts
writing list of installed files to '/home/elpco/code/lerobot/lerobot_rdt/ros_wk/build/fishbot_description/install.log'
