running egg_info
writing ../build/fishbot_description/fishbot_description.egg-info/PKG-INFO
writing dependency_links to ../build/fishbot_description/fishbot_description.egg-info/dependency_links.txt
writing entry points to ../build/fishbot_description/fishbot_description.egg-info/entry_points.txt
writing requirements to ../build/fishbot_description/fishbot_description.egg-info/requires.txt
writing top-level names to ../build/fishbot_description/fishbot_description.egg-info/top_level.txt
reading manifest file '../build/fishbot_description/fishbot_description.egg-info/SOURCES.txt'
writing manifest file '../build/fishbot_description/fishbot_description.egg-info/SOURCES.txt'
running build
running build_py
copying fishbot_description/target_pose_publisher.py -> /home/elpco/code/lerobot/lerobot_rdt/ros_wk/build/fishbot_description/build/lib/fishbot_description
copying fishbot_description/ik_solver_node.py -> /home/elpco/code/lerobot/lerobot_rdt/ros_wk/build/fishbot_description/build/lib/fishbot_description
running install
running install_lib
copying /home/elpco/code/lerobot/lerobot_rdt/ros_wk/build/fishbot_description/build/lib/fishbot_description/target_pose_publisher.py -> /home/elpco/code/lerobot/lerobot_rdt/ros_wk/install/fishbot_description/lib/python3.10/site-packages/fishbot_description
copying /home/elpco/code/lerobot/lerobot_rdt/ros_wk/build/fishbot_description/build/lib/fishbot_description/ik_solver_node.py -> /home/elpco/code/lerobot/lerobot_rdt/ros_wk/install/fishbot_description/lib/python3.10/site-packages/fishbot_description
byte-compiling /home/elpco/code/lerobot/lerobot_rdt/ros_wk/install/fishbot_description/lib/python3.10/site-packages/fishbot_description/target_pose_publisher.py to target_pose_publisher.cpython-310.pyc
byte-compiling /home/elpco/code/lerobot/lerobot_rdt/ros_wk/install/fishbot_description/lib/python3.10/site-packages/fishbot_description/ik_solver_node.py to ik_solver_node.cpython-310.pyc
running install_data
copying launch/so101_ik_solver.launch.py -> /home/elpco/code/lerobot/lerobot_rdt/ros_wk/install/fishbot_description/share/fishbot_description/launch
copying config/so101_ik.rviz -> /home/elpco/code/lerobot/lerobot_rdt/ros_wk/install/fishbot_description/share/fishbot_description/config
running install_egg_info
removing '/home/elpco/code/lerobot/lerobot_rdt/ros_wk/install/fishbot_description/lib/python3.10/site-packages/fishbot_description-0.0.0-py3.10.egg-info' (and everything under it)
Copying ../build/fishbot_description/fishbot_description.egg-info to /home/elpco/code/lerobot/lerobot_rdt/ros_wk/install/fishbot_description/lib/python3.10/site-packages/fishbot_description-0.0.0-py3.10.egg-info
running install_scripts
Installing ik_solver_node script to /home/elpco/code/lerobot/lerobot_rdt/ros_wk/install/fishbot_description/lib/fishbot_description
Installing target_pose_publisher script to /home/elpco/code/lerobot/lerobot_rdt/ros_wk/install/fishbot_description/lib/fishbot_description
writing list of installed files to '/home/elpco/code/lerobot/lerobot_rdt/ros_wk/build/fishbot_description/install.log'
