running egg_info
creating ../build/fishbot_description/fishbot_description.egg-info
writing ../build/fishbot_description/fishbot_description.egg-info/PKG-INFO
writing dependency_links to ../build/fishbot_description/fishbot_description.egg-info/dependency_links.txt
writing entry points to ../build/fishbot_description/fishbot_description.egg-info/entry_points.txt
writing requirements to ../build/fishbot_description/fishbot_description.egg-info/requires.txt
writing top-level names to ../build/fishbot_description/fishbot_description.egg-info/top_level.txt
writing manifest file '../build/fishbot_description/fishbot_description.egg-info/SOURCES.txt'
reading manifest file '../build/fishbot_description/fishbot_description.egg-info/SOURCES.txt'
writing manifest file '../build/fishbot_description/fishbot_description.egg-info/SOURCES.txt'
running build
running build_py
creating /home/elpco/code/lerobot/lerobot_rdt/ros_wk/build/fishbot_description/build
creating /home/elpco/code/lerobot/lerobot_rdt/ros_wk/build/fishbot_description/build/lib
creating /home/elpco/code/lerobot/lerobot_rdt/ros_wk/build/fishbot_description/build/lib/fishbot_description
copying fishbot_description/__init__.py -> /home/elpco/code/lerobot/lerobot_rdt/ros_wk/build/fishbot_description/build/lib/fishbot_description
running install
running install_lib
creating /home/elpco/code/lerobot/lerobot_rdt/ros_wk/install/fishbot_description/lib/python3.10/site-packages/fishbot_description
copying /home/elpco/code/lerobot/lerobot_rdt/ros_wk/build/fishbot_description/build/lib/fishbot_description/__init__.py -> /home/elpco/code/lerobot/lerobot_rdt/ros_wk/install/fishbot_description/lib/python3.10/site-packages/fishbot_description
byte-compiling /home/elpco/code/lerobot/lerobot_rdt/ros_wk/install/fishbot_description/lib/python3.10/site-packages/fishbot_description/__init__.py to __init__.cpython-310.pyc
running install_data
creating /home/elpco/code/lerobot/lerobot_rdt/ros_wk/install/fishbot_description/share/ament_index
creating /home/elpco/code/lerobot/lerobot_rdt/ros_wk/install/fishbot_description/share/ament_index/resource_index
creating /home/elpco/code/lerobot/lerobot_rdt/ros_wk/install/fishbot_description/share/ament_index/resource_index/packages
copying resource/fishbot_description -> /home/elpco/code/lerobot/lerobot_rdt/ros_wk/install/fishbot_description/share/ament_index/resource_index/packages
copying package.xml -> /home/elpco/code/lerobot/lerobot_rdt/ros_wk/install/fishbot_description/share/fishbot_description
creating /home/elpco/code/lerobot/lerobot_rdt/ros_wk/install/fishbot_description/share/fishbot_description/launch
copying launch/display_rviz2.launch.py -> /home/elpco/code/lerobot/lerobot_rdt/ros_wk/install/fishbot_description/share/fishbot_description/launch
creating /home/elpco/code/lerobot/lerobot_rdt/ros_wk/install/fishbot_description/share/fishbot_description/urdf
